<?xml version="1.0" encoding="utf-8"?><testsuites name="pytest tests"><testsuite name="pytest" errors="0" failures="0" skipped="0" tests="18" time="3.916" timestamp="2026-01-12T23:32:40.256912+00:00" hostname="agent-env-512b9ebb-4e13-48e8-8ea8-13a645cbf77a"><testcase classname="tests.test_auth_api.TestAuthLogin" name="test_login_account_1_success" time="0.329" /><testcase classname="tests.test_auth_api.TestAuthLogin" name="test_login_account_2_success" time="0.271" /><testcase classname="tests.test_auth_api.TestAuthLogin" name="test_login_wrong_password" time="0.262" /><testcase classname="tests.test_auth_api.TestAuthLogin" name="test_login_nonexistent_email" time="0.042" /><testcase classname="tests.test_auth_api.TestAuthLogin" name="test_login_invalid_email_format" time="0.054" /><testcase classname="tests.test_auth_api.TestAuthLogin" name="test_login_missing_password" time="0.043" /><testcase classname="tests.test_auth_api.TestAuthMe" name="test_me_with_valid_token_account_1" time="0.310" /><testcase classname="tests.test_auth_api.TestAuthMe" name="test_me_with_valid_token_account_2" time="0.303" /><testcase classname="tests.test_auth_api.TestAuthMe" name="test_me_without_token" time="0.037" /><testcase classname="tests.test_auth_api.TestAuthMe" name="test_me_with_invalid_token" time="0.040" /><testcase classname="tests.test_auth_api.TestAuthRegister" name="test_register_new_user" time="0.520" /><testcase classname="tests.test_auth_api.TestAuthRegister" name="test_register_duplicate_email" time="0.040" /><testcase classname="tests.test_auth_api.TestAuthRegister" name="test_register_professional_user" time="0.265" /><testcase classname="tests.test_auth_api.TestAuthRegister" name="test_register_with_promo_code" time="0.271" /><testcase classname="tests.test_auth_api.TestAuthRegister" name="test_register_missing_required_fields" time="0.045" /><testcase classname="tests.test_auth_api.TestAuthRegister" name="test_register_invalid_email_format" time="0.036" /><testcase classname="tests.test_auth_api.TestBcryptPasswordHashing" name="test_password_verification_works" time="0.566" /><testcase classname="tests.test_auth_api.TestBcryptPasswordHashing" name="test_password_case_sensitive" time="0.261" /></testsuite></testsuites>