<?xml version="1.0" encoding="utf-8"?><testsuites name="pytest tests"><testsuite name="pytest" errors="0" failures="0" skipped="0" tests="16" time="6.343" timestamp="2026-01-21T21:06:46.629997+00:00" hostname="agent-env-38cd3393-e553-4cea-8ea1-b7ab9e0dbe60"><testcase classname="tests.test_boxtal_auth.TestBoxtalAuthentication" name="test_01_basic_auth_access_key_secret_key" time="0.428" /><testcase classname="tests.test_boxtal_auth.TestBoxtalAuthentication" name="test_02_basic_auth_app_id_secret_key" time="0.436" /><testcase classname="tests.test_boxtal_auth.TestBoxtalAuthentication" name="test_03_basic_auth_app_id_access_key" time="0.401" /><testcase classname="tests.test_boxtal_auth.TestBoxtalAuthentication" name="test_04_body_credentials_form_urlencoded" time="0.365" /><testcase classname="tests.test_boxtal_auth.TestBoxtalAuthentication" name="test_05_body_credentials_with_app_id" time="0.415" /><testcase classname="tests.test_boxtal_auth.TestBoxtalAuthentication" name="test_06_json_body_credentials" time="0.357" /><testcase classname="tests.test_boxtal_auth.TestBoxtalAuthentication" name="test_07_json_body_with_app_id" time="0.357" /><testcase classname="tests.test_boxtal_auth.TestBoxtalAuthentication" name="test_08_password_grant_type" time="0.360" /><testcase classname="tests.test_boxtal_auth.TestBoxtalAuthentication" name="test_09_basic_auth_with_accept_header" time="0.406" /><testcase classname="tests.test_boxtal_auth.TestBoxtalAuthentication" name="test_10_basic_auth_with_x_app_id_header" time="0.406" /><testcase classname="tests.test_boxtal_auth.TestBoxtalAuthentication" name="test_11_basic_auth_with_app_id_in_body" time="0.402" /><testcase classname="tests.test_boxtal_auth.TestBoxtalAuthentication" name="test_12_all_three_credentials_in_body" time="0.361" /><testcase classname="tests.test_boxtal_auth.TestBoxtalAuthentication" name="test_13_basic_auth_app_id_secret_with_access_in_body" time="0.401" /><testcase classname="tests.test_boxtal_auth.TestBoxtalAuthentication" name="test_14_oauth2_style_with_scope" time="0.413" /><testcase classname="tests.test_boxtal_auth.TestBoxtalAuthentication" name="test_15_alternative_auth_url" time="0.366" /><testcase classname="tests.test_boxtal_auth.TestBoxtalAuthentication" name="test_16_no_grant_type" time="0.401" /></testsuite></testsuites>