<?xml version="1.0" encoding="utf-8"?><testsuites name="pytest tests"><testsuite name="pytest" errors="0" failures="1" skipped="0" tests="12" time="1.129" timestamp="2026-01-09T06:27:38.351108+00:00" hostname="agent-env-633cf1aa-e2e3-4c0c-b59c-352d9c2f412e"><testcase classname="tests.test_iteration4_features.TestPriceHistoryAPI" name="test_price_history_requires_valid_listing" time="0.059" /><testcase classname="tests.test_iteration4_features.TestPriceHistoryAPI" name="test_price_history_returns_structure" time="0.034"><failure message="KeyError: 0">tests/test_iteration4_features.py:37: in test_price_history_returns_structure
    listing_id = listings[0].get('id')
                 ^^^^^^^^^^^
E   KeyError: 0</failure></testcase><testcase classname="tests.test_iteration4_features.TestIdentityVerificationAPI" name="test_identity_status_requires_auth" time="0.035" /><testcase classname="tests.test_iteration4_features.TestIdentityVerificationAPI" name="test_identity_status_returns_status" time="0.292" /><testcase classname="tests.test_iteration4_features.TestIdentityVerificationAPI" name="test_identity_submit_requires_auth" time="0.035" /><testcase classname="tests.test_iteration4_features.TestIdentityVerificationAPI" name="test_admin_pending_requires_auth" time="0.037" /><testcase classname="tests.test_iteration4_features.TestIdentityVerificationAPI" name="test_admin_pending_requires_admin_role" time="0.299" /><testcase classname="tests.test_iteration4_features.TestIdentityVerificationAPI" name="test_admin_approve_requires_auth" time="0.075" /><testcase classname="tests.test_iteration4_features.TestIdentityVerificationAPI" name="test_admin_reject_requires_auth" time="0.073" /><testcase classname="tests.test_iteration4_features.TestStoriesAPIQuickCheck" name="test_stories_list_public" time="0.034" /><testcase classname="tests.test_iteration4_features.TestNavbarElements" name="test_frontend_loads" time="0.035" /><testcase classname="tests.test_iteration4_features.TestNavbarElements" name="test_stories_page_loads" time="0.035" /></testsuite></testsuites>