<?xml version="1.0" encoding="utf-8"?><testsuites name="pytest tests"><testsuite name="pytest" errors="0" failures="0" skipped="0" tests="8" time="2.130" timestamp="2026-01-13T17:59:09.206095+00:00" hostname="agent-env-58a25799-5de3-438b-88c9-2b4830c775eb"><testcase classname="tests.test_listing_creation.TestAuthentication" name="test_login_with_correct_credentials" time="0.321" /><testcase classname="tests.test_listing_creation.TestAuthentication" name="test_login_with_wrong_password" time="0.259" /><testcase classname="tests.test_listing_creation.TestListingCreation" name="test_create_listing_with_null_optional_fields" time="0.314" /><testcase classname="tests.test_listing_creation.TestListingCreation" name="test_create_listing_with_empty_strings_should_fail_or_convert" time="0.310" /><testcase classname="tests.test_listing_creation.TestListingCreation" name="test_create_listing_with_shipping_methods" time="0.340" /><testcase classname="tests.test_listing_creation.TestShippingMethods" name="test_get_shipping_options_endpoint" time="0.105" /><testcase classname="tests.test_listing_creation.TestShippingMethods" name="test_listings_include_shipping_methods" time="0.035" /><testcase classname="tests.test_listing_creation.TestCleanup" name="test_cleanup_test_listings" time="0.337" /></testsuite></testsuites>