<?xml version="1.0" encoding="utf-8"?><testsuites name="pytest tests"><testsuite name="pytest" errors="0" failures="3" skipped="2" tests="12" time="0.719" timestamp="2026-01-25T15:02:10.193058+00:00" hostname="agent-env-8f2ee53d-c0b4-453f-87e8-ae4f3f99cd26"><testcase classname="backend.tests.test_p0_p1_p2_features.TestP0QuantityField" name="test_listings_api_returns_quantity_field" time="0.111"><failure message="AssertionError: Response should be a list&#10;assert False&#10; +  where False = isinstance({'listings': [{'aftermarket_reference': '', 'brand': '', 'category': 'pieces', 'compatible_brands': [], ...}, {'aftermarket_reference': None, 'brand': None, 'category': 'pieces', 'compatible_brands': [], ...}, {'aftermarket_reference': None, 'brand': 'BMW', 'category': 'pieces', 'compatible_brands': [], ...}, {'aftermarket_reference': None, 'brand': None, 'category': 'pieces', 'compatible_brands': [], ...}, {'aftermarket_reference': None, 'brand': None, 'category': 'pieces', 'compatible_brands': [], ...}], 'page': 1, 'pages': 2, 'total': 9}, list)">backend/tests/test_p0_p1_p2_features.py:23: in test_listings_api_returns_quantity_field
    assert isinstance(data, list), "Response should be a list"
E   AssertionError: Response should be a list
E   assert False
E    +  where False = isinstance({'listings': [{'aftermarket_reference': '', 'brand': '', 'category': 'pieces', 'compatible_brands': [], ...}, {'aftermarket_reference': None, 'brand': None, 'category': 'pieces', 'compatible_brands': [], ...}, {'aftermarket_reference': None, 'brand': 'BMW', 'category': 'pieces', 'compatible_brands': [], ...}, {'aftermarket_reference': None, 'brand': None, 'category': 'pieces', 'compatible_brands': [], ...}, {'aftermarket_reference': None, 'brand': None, 'category': 'pieces', 'compatible_brands': [], ...}], 'page': 1, 'pages': 2, 'total': 9}, list)</failure></testcase><testcase classname="backend.tests.test_p0_p1_p2_features.TestP0QuantityField" name="test_listing_detail_returns_quantity" time="0.046"><failure message="KeyError: 0">backend/tests/test_p0_p1_p2_features.py:42: in test_listing_detail_returns_quantity
    listing_id = data[0]["id"]
                 ^^^^^^^
E   KeyError: 0</failure></testcase><testcase classname="backend.tests.test_p0_p1_p2_features.TestP0QuantityField" name="test_specific_listing_8b182804" time="0.043" /><testcase classname="backend.tests.test_p0_p1_p2_features.TestP1BundlesAPI" name="test_get_bundles_endpoint" time="0.080" /><testcase classname="backend.tests.test_p0_p1_p2_features.TestP1BundlesAPI" name="test_get_bundles_with_seller_filter" time="0.036"><skipped type="pytest.skip" message="No bundles available for testing">/app/backend/tests/test_p0_p1_p2_features.py:111: No bundles available for testing</skipped></testcase><testcase classname="backend.tests.test_p0_p1_p2_features.TestP1BundlesAPI" name="test_get_bundle_by_id" time="0.040"><skipped type="pytest.skip" message="No bundles available for testing">/app/backend/tests/test_p0_p1_p2_features.py:133: No bundles available for testing</skipped></testcase><testcase classname="backend.tests.test_p0_p1_p2_features.TestP1BundlesAPI" name="test_bundle_not_found" time="0.038" /><testcase classname="backend.tests.test_p0_p1_p2_features.TestP2SharedWishlist" name="test_shared_wishlist_endpoint_exists" time="0.078" /><testcase classname="backend.tests.test_p0_p1_p2_features.TestP2SharedWishlist" name="test_wishlist_share_requires_auth" time="0.037" /><testcase classname="backend.tests.test_p0_p1_p2_features.TestP2SharedWishlist" name="test_my_share_requires_auth" time="0.037" /><testcase classname="backend.tests.test_p0_p1_p2_features.TestHealthAndBasics" name="test_api_health" time="0.037" /><testcase classname="backend.tests.test_p0_p1_p2_features.TestHealthAndBasics" name="test_listings_endpoint" time="0.038"><failure message="AssertionError: assert False&#10; +  where False = isinstance({'listings': [{'aftermarket_reference': '', 'brand': '', 'category': 'pieces', 'compatible_brands': [], ...}, {'aftermarket_reference': None, 'brand': None, 'category': 'pieces', 'compatible_brands': [], ...}, {'aftermarket_reference': None, 'brand': 'BMW', 'category': 'pieces', 'compatible_brands': [], ...}, {'aftermarket_reference': None, 'brand': None, 'category': 'pieces', 'compatible_brands': [], ...}, {'aftermarket_reference': None, 'brand': None, 'category': 'pieces', 'compatible_brands': [], ...}, {'aftermarket_reference': None, 'brand': 'BMW', 'category': 'pieces', 'compatible_brands': [], ...}, ...], 'page': 1, 'pages': 1, 'total': 9}, list)">backend/tests/test_p0_p1_p2_features.py:208: in test_listings_endpoint
    assert isinstance(data, list)
E   AssertionError: assert False
E    +  where False = isinstance({'listings': [{'aftermarket_reference': '', 'brand': '', 'category': 'pieces', 'compatible_brands': [], ...}, {'aftermarket_reference': None, 'brand': None, 'category': 'pieces', 'compatible_brands': [], ...}, {'aftermarket_reference': None, 'brand': 'BMW', 'category': 'pieces', 'compatible_brands': [], ...}, {'aftermarket_reference': None, 'brand': None, 'category': 'pieces', 'compatible_brands': [], ...}, {'aftermarket_reference': None, 'brand': None, 'category': 'pieces', 'compatible_brands': [], ...}, {'aftermarket_reference': None, 'brand': 'BMW', 'category': 'pieces', 'compatible_brands': [], ...}, ...], 'page': 1, 'pages': 1, 'total': 9}, list)</failure></testcase></testsuite></testsuites>