<?xml version="1.0" encoding="utf-8"?><testsuites name="pytest tests"><testsuite name="pytest" errors="0" failures="0" skipped="2" tests="12" time="0.688" timestamp="2026-01-25T15:02:53.722320+00:00" hostname="agent-env-8f2ee53d-c0b4-453f-87e8-ae4f3f99cd26"><testcase classname="backend.tests.test_p0_p1_p2_features.TestP0QuantityField" name="test_listings_api_returns_quantity_field" time="0.099" /><testcase classname="backend.tests.test_p0_p1_p2_features.TestP0QuantityField" name="test_listing_detail_returns_quantity" time="0.084" /><testcase classname="backend.tests.test_p0_p1_p2_features.TestP0QuantityField" name="test_specific_listing_8b182804" time="0.043" /><testcase classname="backend.tests.test_p0_p1_p2_features.TestP1BundlesAPI" name="test_get_bundles_endpoint" time="0.041" /><testcase classname="backend.tests.test_p0_p1_p2_features.TestP1BundlesAPI" name="test_get_bundles_with_seller_filter" time="0.034"><skipped type="pytest.skip" message="No bundles available for testing">/app/backend/tests/test_p0_p1_p2_features.py:116: No bundles available for testing</skipped></testcase><testcase classname="backend.tests.test_p0_p1_p2_features.TestP1BundlesAPI" name="test_get_bundle_by_id" time="0.079"><skipped type="pytest.skip" message="No bundles available for testing">/app/backend/tests/test_p0_p1_p2_features.py:138: No bundles available for testing</skipped></testcase><testcase classname="backend.tests.test_p0_p1_p2_features.TestP1BundlesAPI" name="test_bundle_not_found" time="0.040" /><testcase classname="backend.tests.test_p0_p1_p2_features.TestP2SharedWishlist" name="test_shared_wishlist_endpoint_exists" time="0.044" /><testcase classname="backend.tests.test_p0_p1_p2_features.TestP2SharedWishlist" name="test_wishlist_share_requires_auth" time="0.040" /><testcase classname="backend.tests.test_p0_p1_p2_features.TestP2SharedWishlist" name="test_my_share_requires_auth" time="0.037" /><testcase classname="backend.tests.test_p0_p1_p2_features.TestHealthAndBasics" name="test_api_health" time="0.040" /><testcase classname="backend.tests.test_p0_p1_p2_features.TestHealthAndBasics" name="test_listings_endpoint" time="0.040" /></testsuite></testsuites>