<?xml version="1.0" encoding="utf-8"?><testsuites name="pytest tests"><testsuite name="pytest" errors="0" failures="0" skipped="0" tests="12" time="2.554" timestamp="2026-01-16T18:05:28.882690+00:00" hostname="agent-env-8f7e0bb6-f657-4e50-ae1b-ae07de7f5025"><testcase classname="tests.test_push_warehouse_features.TestPushNotificationAPIs" name="test_vapid_key_endpoint" time="0.057" /><testcase classname="tests.test_push_warehouse_features.TestPushNotificationAPIs" name="test_push_subscribe_requires_auth" time="0.038" /><testcase classname="tests.test_push_warehouse_features.TestPushNotificationAPIs" name="test_push_subscribe_with_auth" time="0.308" /><testcase classname="tests.test_push_warehouse_features.TestPushNotificationAPIs" name="test_push_status_endpoint" time="0.307" /><testcase classname="tests.test_push_warehouse_features.TestWarehouseAPIs" name="test_warehouse_items_requires_auth" time="0.041" /><testcase classname="tests.test_push_warehouse_features.TestWarehouseAPIs" name="test_warehouse_items_with_auth" time="0.341" /><testcase classname="tests.test_push_warehouse_features.TestWarehouseAPIs" name="test_warehouse_categories" time="0.302" /><testcase classname="tests.test_push_warehouse_features.TestWarehouseAPIs" name="test_warehouse_sections" time="0.305" /><testcase classname="tests.test_push_warehouse_features.TestWarehouseAPIs" name="test_create_warehouse_item" time="0.381" /><testcase classname="tests.test_push_warehouse_features.TestListingWithWarehouseIntegration" name="test_listing_create_accepts_warehouse_item_id" time="0.343" /><testcase classname="tests.test_push_warehouse_features.TestServiceWorkerAndFrontend" name="test_service_worker_file_accessible" time="0.037" /><testcase classname="tests.test_push_warehouse_features.TestServiceWorkerAndFrontend" name="test_frontend_loads" time="0.039" /></testsuite></testsuites>