<?xml version="1.0" encoding="utf-8"?><testsuites name="pytest tests"><testsuite name="pytest" errors="0" failures="0" skipped="0" tests="19" time="1.921" timestamp="2026-01-09T06:07:18.520724+00:00" hostname="agent-env-633cf1aa-e2e3-4c0c-b59c-352d9c2f412e"><testcase classname="tests.test_push_stories.TestPushNotificationsAPI" name="test_get_vapid_key" time="0.070" /><testcase classname="tests.test_push_stories.TestPushNotificationsAPI" name="test_push_subscribe" time="0.338" /><testcase classname="tests.test_push_stories.TestPushNotificationsAPI" name="test_push_status_after_subscribe" time="0.050" /><testcase classname="tests.test_push_stories.TestPushNotificationsAPI" name="test_push_test_notification" time="0.043" /><testcase classname="tests.test_push_stories.TestPushNotificationsAPI" name="test_push_unsubscribe" time="0.043" /><testcase classname="tests.test_push_stories.TestPushNotificationsAPI" name="test_push_status_after_unsubscribe" time="0.040" /><testcase classname="tests.test_push_stories.TestPushNotificationsAPI" name="test_push_status_requires_auth" time="0.038" /><testcase classname="tests.test_push_stories.TestPushNotificationsAPI" name="test_push_subscribe_requires_auth" time="0.037" /><testcase classname="tests.test_push_stories.TestStoriesAPI" name="test_get_stories_public" time="0.036" /><testcase classname="tests.test_push_stories.TestStoriesAPI" name="test_create_story" time="0.298" /><testcase classname="tests.test_push_stories.TestStoriesAPI" name="test_create_story_requires_auth" time="0.036" /><testcase classname="tests.test_push_stories.TestStoriesAPI" name="test_view_story" time="0.082" /><testcase classname="tests.test_push_stories.TestStoriesAPI" name="test_view_story_requires_auth" time="0.034" /><testcase classname="tests.test_push_stories.TestStoriesAPI" name="test_get_my_stories" time="0.033" /><testcase classname="tests.test_push_stories.TestStoriesAPI" name="test_get_my_stories_requires_auth" time="0.034" /><testcase classname="tests.test_push_stories.TestStoriesAPI" name="test_delete_story" time="0.072" /><testcase classname="tests.test_push_stories.TestStoriesAPI" name="test_delete_story_requires_auth" time="0.035" /><testcase classname="tests.test_push_stories.TestStoriesAPI" name="test_delete_nonexistent_story" time="0.036" /><testcase classname="tests.test_push_stories.TestStoriesIntegration" name="test_story_lifecycle" time="0.485" /></testsuite></testsuites>