<?xml version="1.0" encoding="utf-8"?><testsuites name="pytest tests"><testsuite name="pytest" errors="0" failures="0" skipped="0" tests="8" time="2.442" timestamp="2026-01-31T21:31:02.543278+00:00" hostname="agent-env-36afcf0b-c2ab-4e40-b93d-4b4e633ff1aa"><testcase classname="tests.test_registration.TestSecurityConfig" name="test_recaptcha_disabled" time="0.079" /><testcase classname="tests.test_registration.TestRegistration" name="test_register_basic_user" time="0.273" /><testcase classname="tests.test_registration.TestRegistration" name="test_register_with_phone" time="0.270" /><testcase classname="tests.test_registration.TestRegistration" name="test_register_professional" time="0.273" /><testcase classname="tests.test_registration.TestRegistration" name="test_register_duplicate_email" time="0.306" /><testcase classname="tests.test_registration.TestRegistration" name="test_register_different_countries" time="1.095" /><testcase classname="tests.test_registration.TestIPBlocking" name="test_blocked_ip_message" time="0.043" /><testcase classname="tests.test_registration.TestHealthCheck" name="test_health_endpoint" time="0.044" /></testsuite></testsuites>