<?xml version="1.0" encoding="utf-8"?><testsuites name="pytest tests"><testsuite name="pytest" errors="0" failures="0" skipped="0" tests="29" time="1.267" timestamp="2026-01-30T01:12:33.579335+00:00" hostname="agent-env-36afcf0b-c2ab-4e40-b93d-4b4e633ff1aa"><testcase classname="tests.test_seo_prerendering.TestSEOEndpoint" name="test_seo_endpoint_returns_200" time="0.117" /><testcase classname="tests.test_seo_prerendering.TestSEOEndpoint" name="test_seo_endpoint_returns_html" time="0.045" /><testcase classname="tests.test_seo_prerendering.TestSEOEndpoint" name="test_seo_endpoint_contains_title_tag" time="0.044" /><testcase classname="tests.test_seo_prerendering.TestSEOEndpoint" name="test_seo_endpoint_contains_meta_description" time="0.045" /><testcase classname="tests.test_seo_prerendering.TestSEOEndpoint" name="test_seo_endpoint_contains_og_tags" time="0.042" /><testcase classname="tests.test_seo_prerendering.TestSEOEndpoint" name="test_seo_endpoint_contains_canonical_url" time="0.045" /><testcase classname="tests.test_seo_prerendering.TestSEOEndpoint" name="test_seo_endpoint_contains_schema_org" time="0.047" /><testcase classname="tests.test_seo_prerendering.TestSEOEndpoint" name="test_seo_endpoint_returns_404_for_invalid_listing" time="0.046" /><testcase classname="tests.test_seo_prerendering.TestSEOEndpoint" name="test_seo_endpoint_contains_robots_meta" time="0.051" /><testcase classname="tests.test_seo_prerendering.TestNginxConfiguration" name="test_nginx_config_exists" time="0.000" /><testcase classname="tests.test_seo_prerendering.TestNginxConfiguration" name="test_nginx_config_has_seo_prerender_location" time="0.000" /><testcase classname="tests.test_seo_prerendering.TestNginxConfiguration" name="test_nginx_config_has_crawler_detection" time="0.000" /><testcase classname="tests.test_seo_prerendering.TestNginxConfiguration" name="test_nginx_config_has_annonce_location" time="0.000" /><testcase classname="tests.test_seo_prerendering.TestNginxConfiguration" name="test_nginx_config_proxies_to_backend" time="0.000" /><testcase classname="tests.test_seo_prerendering.TestGoogleSearchConsoleIssues" name="test_seo_page_not_soft_404" time="0.046" /><testcase classname="tests.test_seo_prerendering.TestGoogleSearchConsoleIssues" name="test_seo_page_has_substantial_content" time="0.047" /><testcase classname="tests.test_seo_prerendering.TestGoogleSearchConsoleIssues" name="test_seo_page_has_unique_content" time="0.078" /><testcase classname="tests.test_seo_prerendering.TestGoogleSearchConsoleIssues" name="test_seo_page_loads_fast" time="0.060" /><testcase classname="tests.test_seo_prerendering.TestCrawlerUserAgents" name="test_crawler_user_agent_detected[Googlebot Desktop-Mozilla/5.0 (compatible; Googlebot/2.1; +http://www.google.com/bot.html)]" time="0.043" /><testcase classname="tests.test_seo_prerendering.TestCrawlerUserAgents" name="test_crawler_user_agent_detected[Googlebot Mobile-Mozilla/5.0 (Linux; Android 6.0.1; Nexus 5X Build/MMB29P) AppleWebKit/537.36 (KHTML, like Gecko) Chrome/W.X.Y.Z Mobile Safari/537.36 (compatible; Googlebot/2.1; +http://www.google.com/bot.html)]" time="0.080" /><testcase classname="tests.test_seo_prerendering.TestCrawlerUserAgents" name="test_crawler_user_agent_detected[Googlebot Smartphone-Mozilla/5.0 (iPhone; CPU iPhone OS 15_0 like Mac OS X) AppleWebKit/605.1.15 (KHTML, like Gecko) Version/15.0 Mobile/15E148 Safari/604.1 (compatible; Googlebot/2.1; +http://www.google.com/bot.html)]" time="0.043" /><testcase classname="tests.test_seo_prerendering.TestCrawlerUserAgents" name="test_crawler_user_agent_detected[AdsBot-Google-AdsBot-Google (+http://www.google.com/adsbot.html)]" time="0.038" /><testcase classname="tests.test_seo_prerendering.TestCrawlerUserAgents" name="test_crawler_user_agent_detected[AdsBot-Google-Mobile-Mozilla/5.0 (Linux; Android 5.0; SM-G920A) AppleWebKit (KHTML, like Gecko) Chrome Mobile Safari (compatible; AdsBot-Google-Mobile; +http://www.google.com/mobile/adsbot.html)]" time="0.043" /><testcase classname="tests.test_seo_prerendering.TestCrawlerUserAgents" name="test_crawler_user_agent_detected[APIs-Google-APIs-Google (+https://developers.google.com/webmasters/APIs-Google.html)]" time="0.039" /><testcase classname="tests.test_seo_prerendering.TestCrawlerUserAgents" name="test_crawler_user_agent_detected[Mediapartners-Google-Mediapartners-Google]" time="0.037" /><testcase classname="tests.test_seo_prerendering.TestCrawlerUserAgents" name="test_crawler_user_agent_detected[Google-InspectionTool-Mozilla/5.0 (compatible; Google-InspectionTool/1.0;)]" time="0.038" /><testcase classname="tests.test_seo_prerendering.TestCrawlerUserAgents" name="test_crawler_user_agent_detected[Googlebot-Image-Googlebot-Image/1.0]" time="0.038" /><testcase classname="tests.test_seo_prerendering.TestCrawlerUserAgents" name="test_crawler_user_agent_detected[Googlebot-News-Googlebot-News]" time="0.040" /><testcase classname="tests.test_seo_prerendering.TestCrawlerUserAgents" name="test_crawler_user_agent_detected[Googlebot-Video-Googlebot-Video/1.0]" time="0.035" /></testsuite></testsuites>