<?xml version="1.0" encoding="utf-8"?><testsuites name="pytest tests"><testsuite name="pytest" errors="0" failures="0" skipped="0" tests="12" time="1.890" timestamp="2026-01-13T01:11:44.559799+00:00" hostname="agent-env-512b9ebb-4e13-48e8-8ea8-13a645cbf77a"><testcase classname="tests.test_worldauto_vps.TestAuthentication" name="test_admin_login" time="0.288" /><testcase classname="tests.test_worldauto_vps.TestAuthentication" name="test_pro_account_login" time="0.270" /><testcase classname="tests.test_worldauto_vps.TestAuthentication" name="test_invalid_login" time="0.264" /><testcase classname="tests.test_worldauto_vps.TestHeroSettings" name="test_hero_settings_endpoint" time="0.081" /><testcase classname="tests.test_worldauto_vps.TestRadioStations" name="test_radio_stations_endpoint" time="0.039" /><testcase classname="tests.test_worldauto_vps.TestBrands" name="test_brands_endpoint" time="0.039" /><testcase classname="tests.test_worldauto_vps.TestSubcategories" name="test_pieces_subcategories" time="0.078" /><testcase classname="tests.test_worldauto_vps.TestSubcategories" name="test_accessoires_subcategories" time="0.036" /><testcase classname="tests.test_worldauto_vps.TestSubcategories" name="test_motos_subcategories" time="0.035" /><testcase classname="tests.test_worldauto_vps.TestListings" name="test_listings_endpoint" time="0.039" /><testcase classname="tests.test_worldauto_vps.TestAuthenticatedEndpoints" name="test_auth_me_endpoint" time="0.347" /><testcase classname="tests.test_worldauto_vps.TestAuthenticatedEndpoints" name="test_user_stats_endpoint" time="0.306" /></testsuite></testsuites>