<?xml version="1.0" encoding="utf-8"?><testsuites name="pytest tests"><testsuite name="pytest" errors="0" failures="1" skipped="0" tests="12" time="1.844" timestamp="2026-01-13T01:11:21.550304+00:00" hostname="agent-env-512b9ebb-4e13-48e8-8ea8-13a645cbf77a"><testcase classname="tests.test_worldauto_vps.TestAuthentication" name="test_admin_login" time="0.296" /><testcase classname="tests.test_worldauto_vps.TestAuthentication" name="test_pro_account_login" time="0.263" /><testcase classname="tests.test_worldauto_vps.TestAuthentication" name="test_invalid_login" time="0.260" /><testcase classname="tests.test_worldauto_vps.TestHeroSettings" name="test_hero_settings_endpoint" time="0.040" /><testcase classname="tests.test_worldauto_vps.TestRadioStations" name="test_radio_stations_endpoint" time="0.041" /><testcase classname="tests.test_worldauto_vps.TestBrands" name="test_brands_endpoint" time="0.035" /><testcase classname="tests.test_worldauto_vps.TestSubcategories" name="test_pieces_subcategories" time="0.040" /><testcase classname="tests.test_worldauto_vps.TestSubcategories" name="test_accessoires_subcategories" time="0.078" /><testcase classname="tests.test_worldauto_vps.TestSubcategories" name="test_motos_subcategories" time="0.047" /><testcase classname="tests.test_worldauto_vps.TestListings" name="test_listings_endpoint" time="0.042"><failure message="AssertionError: Should return a list&#10;assert False&#10; +  where False = isinstance({'listings': [{'aftermarket_reference': None, 'brand': 'BMW', 'category': 'pieces', 'compatible_brands': [], ...}, {'aftermarket_reference': None, 'brand': None, 'category': 'pieces', 'compatible_brands': [], ...}, {'aftermarket_reference': None, 'brand': None, 'category': 'pieces', 'compatible_brands': [], ...}, {'aftermarket_reference': None, 'brand': 'BMW', 'category': 'pieces', 'compatible_brands': [], ...}, {'aftermarket_reference': None, 'brand': 'Peugeot', 'category': 'pieces', 'compatible_brands': [], ...}, {'aftermarket_reference': None, 'brand': 'Renault', 'category': 'pieces', 'compatible_brands': [], ...}, ...], 'page': 1, 'pages': 1, 'total': 7}, list)">tests/test_worldauto_vps.py:144: in test_listings_endpoint
    assert isinstance(data, list), "Should return a list"
E   AssertionError: Should return a list
E   assert False
E    +  where False = isinstance({'listings': [{'aftermarket_reference': None, 'brand': 'BMW', 'category': 'pieces', 'compatible_brands': [], ...}, {'aftermarket_reference': None, 'brand': None, 'category': 'pieces', 'compatible_brands': [], ...}, {'aftermarket_reference': None, 'brand': None, 'category': 'pieces', 'compatible_brands': [], ...}, {'aftermarket_reference': None, 'brand': 'BMW', 'category': 'pieces', 'compatible_brands': [], ...}, {'aftermarket_reference': None, 'brand': 'Peugeot', 'category': 'pieces', 'compatible_brands': [], ...}, {'aftermarket_reference': None, 'brand': 'Renault', 'category': 'pieces', 'compatible_brands': [], ...}, ...], 'page': 1, 'pages': 1, 'total': 7}, list)</failure></testcase><testcase classname="tests.test_worldauto_vps.TestAuthenticatedEndpoints" name="test_auth_me_endpoint" time="0.305" /><testcase classname="tests.test_worldauto_vps.TestAuthenticatedEndpoints" name="test_user_stats_endpoint" time="0.309" /></testsuite></testsuites>