<?xml version="1.0" encoding="utf-8"?><testsuites name="pytest tests"><testsuite name="pytest" errors="0" failures="0" skipped="0" tests="11" time="3.838" timestamp="2026-01-12T19:29:31.429552+00:00" hostname="agent-env-677bf031-bebb-4f44-98d1-c2dd5fb09c65"><testcase classname="tests.test_warehouse_api.TestWarehouseAPI" name="test_01_warehouse_stats" time="0.341" /><testcase classname="tests.test_warehouse_api.TestWarehouseAPI" name="test_02_warehouse_categories" time="0.302" /><testcase classname="tests.test_warehouse_api.TestWarehouseAPI" name="test_03_warehouse_sections_list" time="0.307" /><testcase classname="tests.test_warehouse_api.TestWarehouseAPI" name="test_04_create_section" time="0.324" /><testcase classname="tests.test_warehouse_api.TestWarehouseAPI" name="test_05_warehouse_items_list" time="0.310" /><testcase classname="tests.test_warehouse_api.TestWarehouseAPI" name="test_06_create_item" time="0.346" /><testcase classname="tests.test_warehouse_api.TestWarehouseAPI" name="test_07_adjust_stock_increase" time="0.346" /><testcase classname="tests.test_warehouse_api.TestWarehouseAPI" name="test_08_adjust_stock_decrease" time="0.382" /><testcase classname="tests.test_warehouse_api.TestWarehouseAPI" name="test_09_search_items" time="0.310" /><testcase classname="tests.test_warehouse_api.TestWarehouseAPI" name="test_10_cleanup_test_data" time="0.422" /><testcase classname="tests.test_warehouse_api.TestCreateListingAPI" name="test_01_create_listing" time="0.357" /></testsuite></testsuites>